command   ssh -f -g orpheus.0x49.org -l azrael -L:34777samir.okir.da.ru:22 -L:31773:shane.sol1.rocket.de:22 'exec sleep 99999990'
<cops>
    <officer>
        <gordon>
            age   31
            name   bird
        </gordon>
        <randall>
            age   25
            name   stein
        </randall>
    </officer>
</cops>
<db>
    host   blah.blubber
</db>
domain   b0fh.org
domain   l0pht.com
domain   infonexus.com
message <<EOF
  yes. we are not here. you
  can reach us somewhere in
  outerspace.
EOF
passwd   sakkra
user   tom
